<?xml version="1.0" encoding="UTF-8"?>
<!-- Generated by org.testng.reporters.JUnitReportReporter -->
<testsuite hostname="user1" failures="0" tests="1" name="testScripts.PlaceOrderTest" time="0.692" errors="0" timestamp="2025-04-07T17:54:09 IST" skipped="0">
  <testcase classname="testScripts.PlaceOrderTest" name="validLoginPage" time="0.692"/>
</testsuite> <!-- testScripts.PlaceOrderTest -->
