<?xml version="1.0" encoding="UTF-8"?>
<!-- Generated by org.testng.reporters.JUnitReportReporter -->
<testsuite hostname="user1" failures="0" tests="4" name="testScripts.PlaceOrderTest" time="20.731" errors="0" timestamp="2025-04-08T15:32:06 IST" skipped="0">
  <testcase classname="testScripts.PlaceOrderTest" name="porductTest" time="0.251"/>
  <testcase classname="testScripts.PlaceOrderTest" name="verfyItemsTest" time="20.070"/>
  <testcase classname="testScripts.PlaceOrderTest" name="checkoutItemsTest" time="0.089"/>
  <testcase classname="testScripts.PlaceOrderTest" name="checkoutFormTest" time="0.321"/>
</testsuite> <!-- testScripts.PlaceOrderTest -->
